#
# There is insufficient memory for the Java Runtime Environment to continue.
# Native memory allocation (mmap) failed to map 266338304 bytes for Failed to commit area from 0x0000000702200000 to 0x0000000712000000 of length 266338304.
# Possible reasons:
#   The system is out of physical RAM or swap space
#   The process is running with CompressedOops enabled, and the Java Heap may be blocking the growth of the native heap
# Possible solutions:
#   Reduce memory load on the system
#   Increase physical memory or swap space
#   Check if swap backing store is full
#   Decrease Java heap size (-Xmx/-Xms)
#   Decrease number of Java threads
#   Decrease Java thread stack sizes (-Xss)
#   Set larger code cache with -XX:ReservedCodeCacheSize=
# This output file may be truncated or incomplete.
#
#  Out of Memory Error (t:/workspace/open/src/hotspot/os/windows/os_windows.cpp:3301), pid=9132, tid=13984
#
# JRE version:  (13.0.2+8) (build )
# Java VM: Java HotSpot(TM) 64-Bit Server VM (13.0.2+8, mixed mode, aot, sharing, tiered, compressed oops, g1 gc, windows-amd64)
# No core dump will be written. Minidumps are not enabled by default on client versions of Windows
#

---------------  S U M M A R Y ------------

Command Line: -Dfile.encoding=Cp1252 --module-path=F:\Projets\L3\projet-java-L3\Projet Java Pirates 2.0\javafx-sdk-17.0.1\lib\javafx.base.jar;F:\Projets\L3\projet-java-L3\Projet Java Pirates 2.0\javafx-sdk-17.0.1\lib\javafx.controls.jar;F:\Projets\L3\projet-java-L3\Projet Java Pirates 2.0\javafx-sdk-17.0.1\lib\javafx.fxml.jar;F:\Projets\L3\projet-java-L3\Projet Java Pirates 2.0\javafx-sdk-17.0.1\lib\javafx.graphics.jar;F:\Projets\L3\projet-java-L3\Projet Java Pirates 2.0\javafx-sdk-17.0.1\lib\javafx.media.jar;F:\Projets\L3\projet-java-L3\Projet Java Pirates 2.0\javafx-sdk-17.0.1\lib\javafx.swing.jar;F:\Projets\L3\projet-java-L3\Projet Java Pirates 2.0\javafx-sdk-17.0.1\lib\javafx.web.jar;F:\Projets\L3\projet-java-L3\Projet Java Pirates 2.0\javafx-sdk-17.0.1\lib\javafx-swt.jar project.TerminalMain

Host: Intel(R) Core(TM) i7-7700HQ CPU @ 2.80GHz, 8 cores, 15G,  Windows 10 , 64 bit Build 19041 (10.0.19041.1348)
Time: Fri Dec 10 14:53:25 2021 Paris, Madrid elapsed time: 0 seconds (0d 0h 0m 0s)

---------------  T H R E A D  ---------------

Current thread (0x00000165169b0000):  JavaThread "Unknown thread" [_thread_in_vm, id=13984, stack(0x000000646c000000,0x000000646c100000)]

Stack: [0x000000646c000000,0x000000646c100000]
Native frames: (J=compiled Java code, j=interpreted, Vv=VM code, C=native code)
V  [jvm.dll+0x624f9a]
V  [jvm.dll+0x770cfa]
V  [jvm.dll+0x7724af]
V  [jvm.dll+0x772ab3]
V  [jvm.dll+0x24bf08]
V  [jvm.dll+0x6222aa]
V  [jvm.dll+0x6170b5]
V  [jvm.dll+0x30a88c]
V  [jvm.dll+0x30a6c2]
V  [jvm.dll+0x30fe36]
V  [jvm.dll+0x353f46]
V  [jvm.dll+0x353720]
V  [jvm.dll+0x2e550a]
V  [jvm.dll+0x2e67a2]
V  [jvm.dll+0x74dd78]
V  [jvm.dll+0x361989]
V  [jvm.dll+0x730e65]
V  [jvm.dll+0x3cc53f]
V  [jvm.dll+0x3ce861]
C  [jli.dll+0x51ff]
C  [ucrtbase.dll+0x21bb2]
C  [KERNEL32.DLL+0x17034]
C  [ntdll.dll+0x52651]


---------------  P R O C E S S  ---------------

Threads class SMR info:
_java_thread_list=0x00007ff85ea2ccb8, length=0, elements={
}

Java Threads: ( => current thread )

Other Threads:
  0x0000016516a1a000 GCTaskThread "GC Thread#0" [stack: 0x000000646c100000,0x000000646c200000] [id=16848]
  0x0000016516a3b800 ConcurrentGCThread "G1 Main Marker" [stack: 0x000000646c200000,0x000000646c300000] [id=21800]
  0x0000016516a3f000 ConcurrentGCThread "G1 Conc#0" [stack: 0x000000646c300000,0x000000646c400000] [id=17344]

[error occurred during error reporting (printing all threads), id 0xc0000005, EXCEPTION_ACCESS_VIOLATION (0xc0000005) at pc=0x00007ff85e2651d7]

VM state:not at safepoint (not fully initialized)

VM Mutex/Monitor currently owned by a thread:  ([mutex/lock_event])
[0x00000165169ac020] Heap_lock - owner thread: 0x00000165169b0000

Heap address: 0x0000000702200000, size: 4062 MB, Compressed Oops mode: Non-zero based: 0x0000000702200000
Narrow klass base: 0x0000000000000000, Narrow klass shift: 0

GC Heap History (0 events):
No events

Deoptimization events (0 events):
No events

Classes unloaded (0 events):
No events

Classes redefined (0 events):
No events

Internal exceptions (0 events):
No events

Events (8 events):
Event: 0.007 Loaded shared library C:\Program Files\Java\jdk-13.0.2\bin\zip.dll
Event: 0.007 Loaded shared library C:\Program Files\Java\jdk-13.0.2\bin\jimage.dll
Event: 0.009 Loading shared library C:\Program Files\Java\jdk-13.0.2\lib\libjava.base-coop.dll failed, error code 126
Event: 0.009 Loading shared library C:\Program Files\Java\jdk-13.0.2\lib\libjava.logging-coop.dll failed, error code 126
Event: 0.009 Loading shared library C:\Program Files\Java\jdk-13.0.2\lib\libjdk.compiler-coop.dll failed, error code 126
Event: 0.009 Loading shared library C:\Program Files\Java\jdk-13.0.2\lib\libjdk.scripting.nashorn-coop.dll failed, error code 126
Event: 0.009 Loading shared library C:\Program Files\Java\jdk-13.0.2\lib\libjdk.internal.vm.ci-coop.dll failed, error code 126
Event: 0.009 Loading shared library C:\Program Files\Java\jdk-13.0.2\lib\libjdk.internal.vm.compiler-coop.dll failed, error code 126


Dynamic libraries:
0x00007ff7e90c0000 - 0x00007ff7e90cf000 	C:\Program Files\Java\jdk-13.0.2\bin\javaw.exe
0x00007ff8b6990000 - 0x00007ff8b6b85000 	C:\WINDOWS\SYSTEM32\ntdll.dll
0x00007ff8b5b10000 - 0x00007ff8b5bce000 	C:\WINDOWS\System32\KERNEL32.DLL
0x00007ff8b43b0000 - 0x00007ff8b4678000 	C:\WINDOWS\System32\KERNELBASE.dll
0x00007ff8b42b0000 - 0x00007ff8b43b0000 	C:\WINDOWS\System32\ucrtbase.dll
0x00007ff89b540000 - 0x00007ff89b558000 	C:\Program Files\Java\jdk-13.0.2\bin\jli.dll
0x00007ff886d40000 - 0x00007ff886d55000 	C:\Program Files\Java\jdk-13.0.2\bin\VCRUNTIME140.dll
0x00007ff8b5870000 - 0x00007ff8b591c000 	C:\WINDOWS\System32\ADVAPI32.dll
0x00007ff8b5ff0000 - 0x00007ff8b608e000 	C:\WINDOWS\System32\msvcrt.dll
0x00007ff8b4b20000 - 0x00007ff8b4bbb000 	C:\WINDOWS\System32\sechost.dll
0x00007ff8b65c0000 - 0x00007ff8b66ea000 	C:\WINDOWS\System32\RPCRT4.dll
0x00007ff8b5e40000 - 0x00007ff8b5fe1000 	C:\WINDOWS\System32\USER32.dll
0x00007ff8a2fb0000 - 0x00007ff8a324a000 	C:\WINDOWS\WinSxS\amd64_microsoft.windows.common-controls_6595b64144ccf1df_6.0.19041.1110_none_60b5254171f9507e\COMCTL32.dll
0x00007ff8b4140000 - 0x00007ff8b4162000 	C:\WINDOWS\System32\win32u.dll
0x00007ff8b5300000 - 0x00007ff8b532b000 	C:\WINDOWS\System32\GDI32.dll
0x00007ff8b47e0000 - 0x00007ff8b48eb000 	C:\WINDOWS\System32\gdi32full.dll
0x00007ff8b4940000 - 0x00007ff8b49dd000 	C:\WINDOWS\System32\msvcp_win.dll
0x00007ff8ad320000 - 0x00007ff8ad32a000 	C:\WINDOWS\SYSTEM32\VERSION.dll
0x00007ff8b49e0000 - 0x00007ff8b4a10000 	C:\WINDOWS\System32\IMM32.DLL
0x00007ff85f9b0000 - 0x00007ff85fa4b000 	C:\Program Files\Java\jdk-13.0.2\bin\msvcp140.dll
0x00007ff85df70000 - 0x00007ff85eacd000 	C:\Program Files\Java\jdk-13.0.2\bin\server\jvm.dll
0x00007ff8b6100000 - 0x00007ff8b6108000 	C:\WINDOWS\System32\PSAPI.DLL
0x00007ff8add60000 - 0x00007ff8add69000 	C:\WINDOWS\SYSTEM32\WSOCK32.dll
0x00007ff8a1d10000 - 0x00007ff8a1d37000 	C:\WINDOWS\SYSTEM32\WINMM.dll
0x00007ff8b6090000 - 0x00007ff8b60fb000 	C:\WINDOWS\System32\WS2_32.dll
0x00007ff8b2910000 - 0x00007ff8b2922000 	C:\WINDOWS\SYSTEM32\kernel.appcore.dll
0x00007ff8add50000 - 0x00007ff8add60000 	C:\Program Files\Java\jdk-13.0.2\bin\verify.dll
0x00007ff8b1f60000 - 0x00007ff8b2144000 	C:\WINDOWS\SYSTEM32\DBGHELP.DLL
0x00007ff89f450000 - 0x00007ff89f47c000 	C:\WINDOWS\SYSTEM32\dbgcore.DLL
0x00007ff8b40b0000 - 0x00007ff8b4133000 	C:\WINDOWS\System32\bcryptPrimitives.dll
0x00007ff891870000 - 0x00007ff891896000 	C:\Program Files\Java\jdk-13.0.2\bin\java.dll
0x00007ff8919e0000 - 0x00007ff8919f7000 	C:\Program Files\Java\jdk-13.0.2\bin\zip.dll
0x00007ff891970000 - 0x00007ff89197a000 	C:\Program Files\Java\jdk-13.0.2\bin\jimage.dll

dbghelp: loaded successfully - version: 4.0.5 - missing functions: none
symbol engine: initialized successfully - sym options: 0x614 - pdb path: .;C:\Program Files\Java\jdk-13.0.2\bin;C:\WINDOWS\SYSTEM32;C:\WINDOWS\WinSxS\amd64_microsoft.windows.common-controls_6595b64144ccf1df_6.0.19041.1110_none_60b5254171f9507e;C:\Program Files\Java\jdk-13.0.2\bin\server

VM Arguments:
jvm_args: -Dfile.encoding=Cp1252 --module-path=F:\Projets\L3\projet-java-L3\Projet Java Pirates 2.0\javafx-sdk-17.0.1\lib\javafx.base.jar;F:\Projets\L3\projet-java-L3\Projet Java Pirates 2.0\javafx-sdk-17.0.1\lib\javafx.controls.jar;F:\Projets\L3\projet-java-L3\Projet Java Pirates 2.0\javafx-sdk-17.0.1\lib\javafx.fxml.jar;F:\Projets\L3\projet-java-L3\Projet Java Pirates 2.0\javafx-sdk-17.0.1\lib\javafx.graphics.jar;F:\Projets\L3\projet-java-L3\Projet Java Pirates 2.0\javafx-sdk-17.0.1\lib\javafx.media.jar;F:\Projets\L3\projet-java-L3\Projet Java Pirates 2.0\javafx-sdk-17.0.1\lib\javafx.swing.jar;F:\Projets\L3\projet-java-L3\Projet Java Pirates 2.0\javafx-sdk-17.0.1\lib\javafx.web.jar;F:\Projets\L3\projet-java-L3\Projet Java Pirates 2.0\javafx-sdk-17.0.1\lib\javafx-swt.jar 
java_command: project.TerminalMain
java_class_path (initial): F:\Projets\L3\projet-java-L3\Projet Java Pirates 2.0\bin
Launcher Type: SUN_STANDARD

[Global flags]
     intx CICompilerCount                          = 4                                         {product} {ergonomic}
     uint ConcGCThreads                            = 2                                         {product} {ergonomic}
     uint G1ConcRefinementThreads                  = 8                                         {product} {ergonomic}
   size_t G1HeapRegionSize                         = 1048576                                   {product} {ergonomic}
    uintx GCDrainStackTargetSize                   = 64                                        {product} {ergonomic}
   size_t InitialHeapSize                          = 266338304                                 {product} {ergonomic}
   size_t MarkStackSize                            = 4194304                                   {product} {ergonomic}
   size_t MaxHeapSize                              = 4259315712                                {product} {ergonomic}
   size_t MinHeapDeltaBytes                        = 1048576                                   {product} {ergonomic}
   size_t MinHeapSize                              = 8388608                                   {product} {ergonomic}
    uintx NonNMethodCodeHeapSize                   = 5839372                                {pd product} {ergonomic}
    uintx NonProfiledCodeHeapSize                  = 122909434                              {pd product} {ergonomic}
    uintx ProfiledCodeHeapSize                     = 122909434                              {pd product} {ergonomic}
    uintx ReservedCodeCacheSize                    = 251658240                              {pd product} {ergonomic}
     bool SegmentedCodeCache                       = true                                      {product} {ergonomic}
   size_t SoftMaxHeapSize                          = 4259315712                             {manageable} {ergonomic}
     bool UseCompressedClassPointers               = true                                 {lp64_product} {ergonomic}
     bool UseCompressedOops                        = true                                 {lp64_product} {ergonomic}
     bool UseG1GC                                  = true                                      {product} {ergonomic}
     bool UseLargePagesIndividualAllocation        = false                                  {pd product} {ergonomic}

Logging:
Log output configuration:
 #0: stdout all=warning uptime,level,tags
 #1: stderr all=off uptime,level,tags

Environment Variables:
JAVA_HOME=F:\JAVA\
PATH=C:/Program Files/Java/jdk-13.0.2/bin/server;C:/Program Files/Java/jdk-13.0.2/bin;C:\Program Files (x86)\Razer Chroma SDK\bin;C:\Program Files\Razer Chroma SDK\bin;C:\Program Files (x86)\Razer\ChromaBroadcast\bin;C:\Program Files\Razer\ChromaBroadcast\bin;C:\Program Files (x86)\Common Files\Oracle\Java\javapath;C:\Users\eosma\Downloads\protoc-3.17.3-win64\bin;C:\Users\eosma\AppData\Local\Programs\Python\Python38\Scripts\;C:\Users\eosma\AppData\Local\Programs\Python\Python38;C:\Program Files (x86)\Intel\Intel(R) Management Engine Components\iCLS\;C:\Program Files\Intel\Intel(R) Management Engine Components\iCLS\;C:\Windows\system32;C:\Windows;C:\Windows\System32\Wbem;C:\Windows\System32\WindowsPowerShell\v1.0\;C:\Windows\System32\OpenSSH\;C:\Program Files (x86)\Intel\Intel(R) Management Engine Components\DAL;C:\Program Files\Intel\Intel(R) Management Engine Components\DAL;C:\Program Files (x86)\Intel\Intel(R) Management Engine Components\IPT;C:\Program Files\Intel\Intel(R) Management Engine Components\IPT;C:\WINDOWS\system32;C:\WINDOWS;C:\WINDOWS\System32\Wbem;C:\WINDOWS\System32\WindowsPowerShell\v1.0\;C:\WINDOWS\System32\OpenSSH\;C:\Program Files\PuTTY\;F:\JAVA\bin;C:\Program Files\Git\cmd;C:\Users\eosma\AppData\Local\Microsoft\WindowsApps;C:\Users\eosma\.dotnet\tools;C:\MinGW\bin;C:\Program Files\CMake\bin;C:\Program Files\NVIDIA Corporation\Nsight Compute 2021.2.1\;C:\Program Files\NVIDIA Corporation\NVIDIA NvDLISR;C:\WINDOWS\system32\config\systemprofile\AppData\Local\Microsoft\WindowsApps;C:\Users\eosma\AppData\Local\Programs\Python\Python38\;F:\Python3.9\Scripts\;F:\Python3.9\;C:\Users\eosma\AppData\Local\Programs\Microsoft VS Code\bin;C:\Users\eosma\AppData\Roaming\npm;C:\Users\eosma\AppData\Local\Programs\Fiddler;C:\Users\eosma\AppData\Local\Programs\MiKTeX\miktex\bin\x64\;C:\Users\eosma\AppData\Local\GitHubDesktop\bin;D:\X-plane 11\flutter_windows_1.22.6-stable\flutter\bin;F:\JAVA\Graphviz\bin;C:\Users\eosma\AppData\Local\Programs\Python\Python38\Scripts\;
USERNAME=eosma
OS=Windows_NT
PROCESSOR_IDENTIFIER=Intel64 Family 6 Model 158 Stepping 9, GenuineIntel



---------------  S Y S T E M  ---------------

OS: Windows 10 , 64 bit Build 19041 (10.0.19041.1348)

CPU:total 8 (initial active 8) (4 cores per cpu, 2 threads per core) family 6 model 158 stepping 9, cmov, cx8, fxsr, mmx, sse, sse2, sse3, ssse3, sse4.1, sse4.2, popcnt, avx, avx2, aes, clmul, erms, 3dnowpref, lzcnt, ht, tsc, tscinvbit, bmi1, bmi2, adx, fma

Memory: 4k page, system-wide physical 16244M (6712M free)
TotalPageFile size 22129M (AvailPageFile size 174M)
current process WorkingSet (physical memory assigned to process): 10M, peak: 10M
current process commit charge ("private bytes"): 61M, peak: 314M

vm_info: Java HotSpot(TM) 64-Bit Server VM (13.0.2+8) for windows-amd64 JRE (13.0.2+8), built on Dec 11 2019 09:20:33 by "mach5one" with unknown MS VC++:1916

END.
